2025-10-09T04:13:04.376Z [INFO] 🧠 Orchestrator logger initialized
2025-10-09T04:13:04.405Z [INFO] 🧠 Orchestrator logger initialized
2025-10-09T04:13:04.406Z [INFO] 🚀 ACA Gateway started | NGROK_HOST=e2db0cf48c6c.ngrok-free.app | PORT=8080
2025-10-09T04:18:07.474Z [INFO] 🧠 Orchestrator logger initialized
2025-10-09T04:18:07.490Z [INFO] 🧠 Orchestrator logger initialized
2025-10-09T04:18:07.491Z [INFO] 🚀 ACA Gateway started | NGROK_HOST=e2db0cf48c6c.ngrok-free.app | PORT=8080
2025-10-09T04:20:01.753Z [INFO] 🧠 Orchestrator logger initialized
2025-10-09T04:20:01.781Z [INFO] 🧠 Orchestrator logger initialized
2025-10-09T04:20:01.797Z [INFO] 🧠 Orchestrator logger initialized
2025-10-09T04:20:01.798Z [INFO] 🚀 ACA Gateway started | NGROK_HOST=e2db0cf48c6c.ngrok-free.app | PORT=8080
2025-10-09T04:21:16.094Z [INFO] 🧠 Orchestrator logger initialized
2025-10-09T04:21:16.124Z [INFO] 🧠 Orchestrator logger initialized
2025-10-09T04:21:16.140Z [INFO] 🧠 Orchestrator logger initialized
2025-10-09T04:21:16.141Z [INFO] 🚀 ACA Gateway started | NGROK_HOST=e2db0cf48c6c.ngrok-free.app | PORT=8080
2025-10-09T04:21:22.683Z [INFO] 🧾 Order saved for business 1: [{"name":"cappuccino","qty":1},{"name":"muffin","qty":1}]
2025-10-10T01:51:41.238Z [INFO] 🧾 Order saved for business 1: [{"name":"cappuccino","qty":1},{"name":"muffin","qty":1}]
2025-10-10T01:54:32.019Z [INFO] 🧾 Order saved for business 1: [{"name":"cappuccino","qty":1},{"name":"muffin","qty":1}]
2025-10-10T02:20:32.635Z [INFO] 🧠 Orchestrator logger initialized
2025-10-10T02:20:32.733Z [INFO] 🧠 Orchestrator logger initialized
2025-10-10T02:20:32.820Z [INFO] 🧠 Orchestrator logger initialized
2025-10-10T02:20:55.385Z [INFO] [OrderRoute] Processing intent for business_id=1 query="I want a cappuccino and muffin"
2025-10-10T02:20:55.459Z [INFO] 🧾 Order saved for business 1: [{"name":"cappuccino","qty":1},{"name":"muffin","qty":1}]
2025-10-10T02:20:55.460Z [INFO] [TTS] Generating confirmation: "Got it! Your order for cappuccino and muffin has been placed successfully."
2025-10-10T02:20:56.377Z [INFO] [TTS] Audio saved: C:\Alphine\Projects\aca-realtime-gateway\aca-orchestrator\src\public\tts\order_4.mp3
2025-10-10T02:20:56.378Z [INFO] [OrderRoute] ✅ Order 4 confirmed. Audio: /tts/order_4.mp3
2025-10-10T02:29:52.180Z [INFO] 🧠 Orchestrator logger initialized
2025-10-10T02:30:37.847Z [INFO] 🧠 Orchestrator logger initialized
2025-10-10T02:30:37.911Z [INFO] 🧠 Orchestrator logger initialized
2025-10-10T02:30:38.001Z [INFO] 🧠 Orchestrator logger initialized
2025-10-10T02:33:32.947Z [INFO] 🧠 Orchestrator logger initialized
2025-10-10T02:36:02.748Z [INFO] 🧠 Orchestrator logger initialized
2025-10-10T02:36:02.825Z [INFO] 🧠 Orchestrator logger initialized
2025-10-10T02:36:02.921Z [INFO] 🧠 Orchestrator logger initialized
2025-10-10T02:36:28.429Z [INFO] [OrderRoute] Processing intent for business_id=1 query="I want a cappuccino and muffin"
2025-10-10T02:36:28.488Z [INFO] 🧾 Order saved for business 1: [{"name":"cappuccino","qty":1},{"name":"muffin","qty":1}]
2025-10-10T02:36:28.489Z [INFO] [TTS] Generating confirmation: "Got it! Your order for cappuccino and muffin has been placed successfully."
2025-10-10T02:36:29.149Z [INFO] [TTS] Audio saved: C:\Alphine\Projects\aca-realtime-gateway\aca-orchestrator\src\public\tts\order_5.mp3
2025-10-10T02:36:29.151Z [INFO] [OrderRoute] ✅ Order 5 confirmed. Audio: /tts/order_5.mp3
2025-10-10T03:09:58.207Z [INFO] 🧠 Orchestrator logger initialized
2025-10-10T03:16:14.337Z [INFO] 🧠 Orchestrator logger initialized
2025-10-10T03:19:36.496Z [INFO] 🧠 Orchestrator logger initialized
2025-10-10T03:25:51.966Z [INFO] 🧠 Orchestrator logger initialized
2025-10-10T03:29:06.784Z [INFO] 🧠 Orchestrator logger initialized
2025-10-10T03:39:28.457Z [INFO] 🧠 Orchestrator logger initialized
2025-10-10T03:41:12.619Z [INFO] 🧠 Orchestrator logger initialized
2025-10-10T03:50:59.758Z [INFO] 🧠 Orchestrator logger initialized
2025-10-10T03:52:31.438Z [INFO] 🧠 Orchestrator logger initialized
2025-10-10T03:56:03.246Z [INFO] 🧠 Orchestrator logger initialized
