{"time":"2025-10-10T23:29:58.229Z","component":"api","message":"Tenant 1 alert test","severity":"critical","source":1,"business_id":null}
{"time":"2025-10-10T23:37:00.524Z","component":"Monitor","message":"Health check failed: Request failed with status code 400","severity":"high","source":"system","business_id":null}
{"time":"2025-10-10T23:38:00.494Z","component":"Monitor","message":"Health check failed: Request failed with status code 400","severity":"high","source":"system","business_id":null}
{"time":"2025-10-10T23:39:45.498Z","component":"Monitor","message":"Health check failed: Request failed with status code 400","severity":"high","source":"system","business_id":null}
{"time":"2025-10-10T23:40:45.480Z","component":"Monitor","message":"Health check failed: Request failed with status code 400","severity":"high","source":"system","business_id":null}
{"time":"2025-10-10T23:41:45.487Z","component":"Monitor","message":"Health check failed: Request failed with status code 400","severity":"high","source":"system","business_id":null}
{"time":"2025-10-10T23:42:45.492Z","component":"Monitor","message":"Health check failed: Request failed with status code 400","severity":"high","source":"system","business_id":null}
{"time":"2025-10-10T23:43:45.502Z","component":"Monitor","message":"Health check failed: Request failed with status code 400","severity":"high","source":"system","business_id":null}
{"time":"2025-10-10T23:44:45.510Z","component":"Monitor","message":"Health check failed: Request failed with status code 400","severity":"high","source":"system","business_id":null}
{"time":"2025-10-10T23:45:45.511Z","component":"Monitor","message":"Health check failed: Request failed with status code 400","severity":"high","source":"system","business_id":null}
{"time":"2025-10-10T23:47:22.138Z","component":"Monitor","message":"Health check failed: Request failed with status code 400","severity":"high","source":"system","business_id":null}
{"time":"2025-10-10T23:49:18.736Z","component":"Monitor","message":"Health check failed: Request failed with status code 400","severity":"high","source":"system","business_id":null}
{"time":"2025-10-10T23:50:18.712Z","component":"Monitor","message":"Health check failed: Request failed with status code 400","severity":"high","source":"system","business_id":null}
{"time":"2025-10-10T23:51:50.137Z","component":"Monitor","message":"Health check failed: Request failed with status code 400","severity":"high","source":"system","business_id":null}
{"time":"2025-10-10T23:53:33.175Z","component":"Monitor","message":"Health check failed: Request failed with status code 400","severity":"high","source":"system","business_id":null}
{"time":"2025-10-10T23:55:10.210Z","component":"Monitor","message":"Health check failed: Request failed with status code 400","severity":"high","source":"system","business_id":null}
{"time":"2025-10-10T23:56:10.175Z","component":"Monitor","message":"Health check failed: Request failed with status code 400","severity":"high","source":"system","business_id":null}
{"time":"2025-10-11T00:11:03.426Z","component":"api","message":"Tenant 101 simulated error","severity":"critical","source":101,"business_id":null}
{"time":"2025-10-11T00:18:55.599Z","component":"api","message":"Tenant 101 simulated error","severity":"critical","source":101,"business_id":null}
{"time":"2025-10-11T00:21:41.048Z","component":"api","message":"Tenant 101 simulated error","severity":"critical","source":101,"business_id":null}
{"time":"2025-10-11T00:24:11.320Z","component":"api","message":"Tenant 101 simulated error","severity":"critical","source":101,"business_id":null}
{"time":"2025-10-11T00:38:02.376Z","component":"api","message":"Tenant 101 simulated error","severity":"critical","source":101,"business_id":null}
{"time":"2025-10-11T00:42:34.885Z","component":"api","message":"Tenant 101 simulated error","severity":"critical","source":101,"business_id":null}
{"time":"2025-10-11T02:20:30.753Z","component":"api","message":"Tenant 101 simulated error","severity":"critical","source":101,"business_id":null}
{"time":"2025-10-11T03:10:29.774Z","component":"tenant1","message":"Simulated critical issue","severity":"critical","source":"system","business_id":null}
{"time":"2025-10-11T03:11:03.181Z","component":"tenant1","message":"Simulated critical issue","severity":"critical","source":"system","business_id":null}
{"time":"2025-10-11T03:15:00.766Z","component":"tenant1","message":"Simulated critical issue","severity":"critical","level":"critical","source":"system","business_id":null}
{"time":"2025-10-12T04:47:11.234Z","component":"Database","message":"Startup connection failed: password authentication failed for user \"postgres\"","severity":"high","level":"high","source":"system","business_id":null,"status":"resolved","resolved_at":"2025-10-12T04:47:11.311Z"}
{"time":"2025-10-12T04:47:11.311Z","component":"Database","business_id":null,"message":"Recovered automatically","severity":"info","status":"resolved"}
{"time":"2025-10-12T04:51:21.470Z","component":"Database","message":"Startup connection failed: password authentication failed for user \"postgres\"","severity":"high","level":"high","source":"system","business_id":null,"status":"resolved","resolved_at":"2025-10-12T04:51:21.525Z"}
{"time":"2025-10-12T04:51:21.525Z","component":"Database","business_id":null,"message":"Recovered automatically","severity":"info","status":"resolved"}
{"time":"2025-10-12T04:53:19.452Z","component":"Database","message":"Startup connection failed: password authentication failed for user \"postgres\"","severity":"high","level":"high","source":"system","business_id":null,"status":"resolved","resolved_at":"2025-10-12T04:58:29.257Z"}
{"time":"2025-10-12T04:58:29.250Z","component":"Database","message":"Startup connection failed: password authentication failed for user \"postgres\"","severity":"high","level":"high","source":"system","business_id":null,"status":"resolved","resolved_at":"2025-10-12T04:58:29.257Z"}
{"time":"2025-10-12T04:58:29.257Z","component":"Database","business_id":null,"message":"Recovered automatically","severity":"info","status":"resolved"}
